  CustomContainers.cpp
C:\Users\vjkpo\source\repos\VGP241_W26\CustomContainers\CustomContainers\CustomContainers.cpp(27,30): warning C4267: 'argument': conversion from 'size_t' to 'const T', possible loss of data
C:\Users\vjkpo\source\repos\VGP241_W26\CustomContainers\CustomContainers\CustomContainers.cpp(27,30): warning C4267:         with
C:\Users\vjkpo\source\repos\VGP241_W26\CustomContainers\CustomContainers\CustomContainers.cpp(27,30): warning C4267:         [
C:\Users\vjkpo\source\repos\VGP241_W26\CustomContainers\CustomContainers\CustomContainers.cpp(27,30): warning C4267:             T=int
C:\Users\vjkpo\source\repos\VGP241_W26\CustomContainers\CustomContainers\CustomContainers.cpp(27,30): warning C4267:         ]
C:\Users\vjkpo\source\repos\VGP241_W26\CustomContainers\CustomContainers\CustomContainers.cpp(49,30): warning C4267: 'argument': conversion from 'size_t' to 'const T', possible loss of data
C:\Users\vjkpo\source\repos\VGP241_W26\CustomContainers\CustomContainers\CustomContainers.cpp(49,30): warning C4267:         with
C:\Users\vjkpo\source\repos\VGP241_W26\CustomContainers\CustomContainers\CustomContainers.cpp(49,30): warning C4267:         [
C:\Users\vjkpo\source\repos\VGP241_W26\CustomContainers\CustomContainers\CustomContainers.cpp(49,30): warning C4267:             T=int
C:\Users\vjkpo\source\repos\VGP241_W26\CustomContainers\CustomContainers\CustomContainers.cpp(49,30): warning C4267:         ]
C:\Users\vjkpo\source\repos\VGP241_W26\CustomContainers\CustomContainers\CustomContainers.cpp(67,41): warning C4267: 'argument': conversion from 'size_t' to 'int', possible loss of data
C:\Users\vjkpo\source\repos\VGP241_W26\CustomContainers\CustomContainers\CustomContainers.cpp(82,60): warning C4267: 'argument': conversion from 'size_t' to 'int', possible loss of data
C:\Users\vjkpo\source\repos\VGP241_W26\CustomContainers\CustomContainers\CustomContainers.cpp(165,15): warning C4244: 'argument': conversion from 'time_t' to 'unsigned int', possible loss of data
C:\Users\vjkpo\source\repos\VGP241_W26\CustomContainers\CustomContainers\PriorityQueue.h(27,26): warning C4267: 'argument': conversion from 'size_t' to 'int', possible loss of data
  (compiling source file 'CustomContainers.cpp')
      C:\Users\vjkpo\source\repos\VGP241_W26\CustomContainers\CustomContainers\PriorityQueue.h(27,26):
      the template instantiation context (the oldest one first) is
          C:\Users\vjkpo\source\repos\VGP241_W26\CustomContainers\CustomContainers\CustomContainers.cpp(148,24):
          see reference to class template instantiation 'PriorityQueue<int>' being compiled
          C:\Users\vjkpo\source\repos\VGP241_W26\CustomContainers\CustomContainers\PriorityQueue.h(22,10):
          while compiling class template member function 'void PriorityQueue<int>::Push(const T &)'
          with
          [
              T=int
          ]
              C:\Users\vjkpo\source\repos\VGP241_W26\CustomContainers\CustomContainers\CustomContainers.cpp(152,27):
              see the first reference to 'PriorityQueue<int>::Push' in 'ClassPractice2'
  
  CustomContainers.vcxproj -> C:\Users\vjkpo\source\repos\VGP241_W26\CustomContainers\x64\Debug\CustomContainers.exe
